"../../../../../Users/alex.cou7417/Documents/Unreal Engine/Toss-Pot/Content/Animations/Pot/Pot_Skeleton.uasset" 0
"../../../../../Users/alex.cou7417/Documents/Unreal Engine/Toss-Pot/Content/Animations/Pot/Pot_Fidget.uasset" 1
"../../../../../Users/alex.cou7417/Documents/Unreal Engine/Toss-Pot/Content/Animations/Pot/Pot_Interact.uasset" 2
"../../../../../Users/alex.cou7417/Documents/Unreal Engine/Toss-Pot/Content/Animations/Pot/Pot_WalkActivate.uasset" 3
"../../../../../Users/alex.cou7417/Documents/Unreal Engine/Toss-Pot/Content/Skeletons/Pot_Rigged_Textured_Skeleton.uasset" 4
"../../../../../Users/alex.cou7417/Documents/Unreal Engine/Toss-Pot/Content/Animations/Pot_Old/Pot_JumpLoop.uasset" 5
"../../../../../Users/alex.cou7417/Documents/Unreal Engine/Toss-Pot/Content/Animations/Pot_Old/Pot_JumpWindDown.uasset" 6
"../../../../../Users/alex.cou7417/Documents/Unreal Engine/Toss-Pot/Content/Animations/Pot_Old/Pot_JumpWindUp.uasset" 7
"../../../../../Users/alex.cou7417/Documents/Unreal Engine/Toss-Pot/Content/Animations/Pot_Old/Pot_Idle.uasset" 8
"../../../../../Users/alex.cou7417/Documents/Unreal Engine/Toss-Pot/Content/Animations/Pot_Old/Pot_RunLoop.uasset" 9
"../../../../../Users/alex.cou7417/Documents/Unreal Engine/Toss-Pot/Content/Animations/Pot_Old/IdleWalkRun.uasset" 10
"../../../../../Users/alex.cou7417/Documents/Unreal Engine/Toss-Pot/Content/Animations/Pot_Old/PotAnimBP.uasset" 11
"../../../../../Users/alex.cou7417/Documents/Unreal Engine/Toss-Pot/Content/Animations/Pot_Old/Pot_Airborne.uasset" 12
"../../../../../Users/alex.cou7417/Documents/Unreal Engine/Toss-Pot/Content/Animations/Pot_Old/Pot_PhysicsAsset.uasset" 13
"../../../../../Users/alex.cou7417/Documents/Unreal Engine/Toss-Pot/Content/Animations/Pot_Old/Pot_WindDown_Anim.uasset" 14
"../../../../../Users/alex.cou7417/Documents/Unreal Engine/Toss-Pot/Content/Animations/Pot_Old/Pot_WindUp.uasset" 15
"../../../../../Users/alex.cou7417/Documents/Unreal Engine/Toss-Pot/Content/Animations/Toss/Toss_Idle_0-30Idle_Skeleton.uasset" 16
"../../../../../Users/alex.cou7417/Documents/Unreal Engine/Toss-Pot/Content/Animations/Toss/Toss_Activate_0-10Activate.uasset" 17
"../../../../../Users/alex.cou7417/Documents/Unreal Engine/Toss-Pot/Content/Animations/Toss/Toss_Fidget01_0-51Fidget01.uasset" 18
"../../../../../Users/alex.cou7417/Documents/Unreal Engine/Toss-Pot/Content/Animations/Toss/Toss_WalkCycle_0-12Activate_12-30Looping.uasset" 19
"../../../../../Users/alex.cou7417/Documents/Unreal Engine/Toss-Pot/Content/Skeletons/Toss_Rigged_Textured_Skeleton.uasset" 20
"../../../../../Users/alex.cou7417/Documents/Unreal Engine/Toss-Pot/Content/Animations/Toss_Old/Toss_Idle.uasset" 21
"../../../../../Users/alex.cou7417/Documents/Unreal Engine/Toss-Pot/Content/Animations/Toss_Old/Toss_Run.uasset" 22
"../../../../../Users/alex.cou7417/Documents/Unreal Engine/Toss-Pot/Content/Animations/Toss_Old/TossIdleRun.uasset" 23
"../../../../../Users/alex.cou7417/Documents/Unreal Engine/Toss-Pot/Content/Animations/Toss_Old/OldTossAnimBP.uasset" 24
"../../../../../Users/alex.cou7417/Documents/Unreal Engine/Toss-Pot/Content/Animations/Toss_Old/Toss_PhysicsAsset.uasset" 25
"../../../../../Users/alex.cou7417/Documents/Unreal Engine/Toss-Pot/Content/Assets/Door/Door_Skeleton.uasset" 26
"../../../../../Users/alex.cou7417/Documents/Unreal Engine/Toss-Pot/Content/Assets/Door/Door_Close_Anim.uasset" 27
"../../../../../Users/alex.cou7417/Documents/Unreal Engine/Toss-Pot/Content/Assets/Door/Door_Open_Anim.uasset" 28
"../../../../../Users/alex.cou7417/Documents/Unreal Engine/Toss-Pot/Content/Assets/Door/DoorBoy.uasset" 29
"../../../../../Users/alex.cou7417/Documents/Unreal Engine/Toss-Pot/Content/Materials/Material_002.uasset" 30
"../../../../../Users/alex.cou7417/Documents/Unreal Engine/Toss-Pot/Content/Assets/Lever/Lever_Base.uasset" 31
"../../../../../Users/alex.cou7417/Documents/Unreal Engine/Toss-Pot/Content/Materials/Material_003.uasset" 32
"../../../../../Users/alex.cou7417/Documents/Unreal Engine/Toss-Pot/Content/Assets/Lever/Lever_Control.uasset" 33
"../../../../../Users/alex.cou7417/Documents/Unreal Engine/Toss-Pot/Content/Assets/MagneticWall/Material.uasset" 34
"../../../../../Users/alex.cou7417/Documents/Unreal Engine/Toss-Pot/Content/Assets/MagneticWall/Material_002.uasset" 35
"../../../../../Users/alex.cou7417/Documents/Unreal Engine/Toss-Pot/Content/Assets/MagneticWall/Material_004.uasset" 36
"../../../../../Users/alex.cou7417/Documents/Unreal Engine/Toss-Pot/Content/Assets/Mesh/lambert2.uasset" 37
"../../../../../Users/alex.cou7417/Documents/Unreal Engine/Toss-Pot/Content/Assets/Mesh/Glass_MAT.uasset" 38
"../../../../../Users/alex.cou7417/Documents/Unreal Engine/Toss-Pot/Content/Assets/Mesh/Toss_Exploded_lambert1_Diffuse.uasset" 39
"../../../../../Users/alex.cou7417/Documents/Unreal Engine/Toss-Pot/Content/Assets/Mesh/Toss_Exploded_lambert1_Emissive.uasset" 40
"../../../../../Users/alex.cou7417/Documents/Unreal Engine/Toss-Pot/Content/Assets/Mesh/Toss_Exploded_lambert1_Glossiness.uasset" 41
"../../../../../Users/alex.cou7417/Documents/Unreal Engine/Toss-Pot/Content/Assets/Mesh/Toss_MAT.uasset" 42
"../../../../../Users/alex.cou7417/Documents/Unreal Engine/Toss-Pot/Content/Assets/Mesh/Toss.uasset" 43
"../../../../../Users/alex.cou7417/Documents/Unreal Engine/Toss-Pot/Content/Assets/Switchpad/Material_002.uasset" 44
"../../../../../Users/alex.cou7417/Documents/Unreal Engine/Toss-Pot/Content/Assets/Switchpad/Material_003.uasset" 45
"../../../../../Users/alex.cou7417/Documents/Unreal Engine/Toss-Pot/Content/Assets/Switchpad/Material_006.uasset" 46
"../../../../../Users/alex.cou7417/Documents/Unreal Engine/Toss-Pot/Content/Assets/ThrowIndicator/ThrowArc_OPAC.uasset" 47
"../../../../../Users/alex.cou7417/Documents/Unreal Engine/Toss-Pot/Content/Assets/ThrowIndicator/ThrowIndicator_Diff.uasset" 48
"../../../../../Users/alex.cou7417/Documents/Unreal Engine/Toss-Pot/Content/Assets/ThrowIndicator/ThrowArc_MAT.uasset" 49
"../../../../../Users/alex.cou7417/Documents/Unreal Engine/Toss-Pot/Content/Assets/ThrowIndicator/ThrowArc.uasset" 50
"../../../../../Users/alex.cou7417/Documents/Unreal Engine/Toss-Pot/Content/Assets/ThrowIndicator/ThrowIndicator_OPAC.uasset" 51
"../../../../../Users/alex.cou7417/Documents/Unreal Engine/Toss-Pot/Content/Assets/ThrowIndicator/ThrowIndicator_MAT.uasset" 52
"../../../../../Users/alex.cou7417/Documents/Unreal Engine/Toss-Pot/Content/Assets/ThrowIndicator/ThrowIndicatorTempPS.uasset" 53
"../../../../../Users/alex.cou7417/Documents/Unreal Engine/Toss-Pot/Content/Assets/TriggerPlatform/RailMat1.uasset" 54
"../../../../../Users/alex.cou7417/Documents/Unreal Engine/Toss-Pot/Content/Assets/TriggerPlatform/RailMat2.uasset" 55
"../../../../../Users/alex.cou7417/Documents/Unreal Engine/Toss-Pot/Content/Assets/TriggerPlatform/Moving_Rail_1m.uasset" 56
"../../../../../Users/alex.cou7417/Documents/Unreal Engine/Toss-Pot/Content/Assets/TriggerPlatform/Moving_Rail_2m.uasset" 57
"../../../Engine/Content/Functions/Engine_MaterialFunctions02/Utility/BreakOutFloat2Components.uasset" 58
"../../../Engine/Content/Functions/Engine_MaterialFunctions01/Texturing/ScaleUVsByCenter.uasset" 59
"../../../Engine/Content/Functions/Engine_MaterialFunctions02/ScreenResolution.uasset" 60
"../../../Engine/Content/Functions/Engine_MaterialFunctions02/Texturing/ScreenAlignedUVs.uasset" 61
"../../../../../Users/alex.cou7417/Documents/Unreal Engine/Toss-Pot/Content/Environment/Materials/T_TexturedPaper.uasset" 62
"../../../../../Users/alex.cou7417/Documents/Unreal Engine/Toss-Pot/Content/Environment/Textures/T_MaskedPaper_Screen.uasset" 63
"../../../../../Users/alex.cou7417/Documents/Unreal Engine/Toss-Pot/Content/Textures/Level/StoneWalldoubleDiff.uasset" 64
"../../../../../Users/alex.cou7417/Documents/Unreal Engine/Toss-Pot/Content/Environment/Materials/M_PostProcess_Paper.uasset" 65
"../../../../../Users/alex.cou7417/Documents/Unreal Engine/Toss-Pot/Content/Environment/Materials/M_PostProcess_Paper_Inst.uasset" 66
"../../../Engine/Content/Functions/Engine_MaterialFunctions01/Opacity/CameraDepthFade.uasset" 67
"../../../Engine/Content/EngineMaterials/T_Default_Material_Grid_M.uasset" 68
"../../../Engine/Content/EngineMaterials/T_Default_Material_Grid_N.uasset" 69
"../../../Engine/Content/EngineMaterials/WorldGridMaterial.uasset" 70
"../../../../../Users/alex.cou7417/Documents/Unreal Engine/Toss-Pot/Content/LevelAssets/Archway.uasset" 71
"../../../../../Users/alex.cou7417/Documents/Unreal Engine/Toss-Pot/Content/LevelAssets/FactoryTossDoor_DIFF.uasset" 72
"../../../../../Users/alex.cou7417/Documents/Unreal Engine/Toss-Pot/Content/LevelAssets/FactoryAssetsMATToss.uasset" 73
"../../../../../Users/alex.cou7417/Documents/Unreal Engine/Toss-Pot/Content/LevelAssets/FactoryAssets_DIFF.uasset" 74
"../../../../../Users/alex.cou7417/Documents/Unreal Engine/Toss-Pot/Content/LevelAssets/FactoryAssetsMAT.uasset" 75
"../../../../../Users/alex.cou7417/Documents/Unreal Engine/Toss-Pot/Content/LevelAssets/Factory_CorridorNarrow.uasset" 76
"../../../../../Users/alex.cou7417/Documents/Unreal Engine/Toss-Pot/Content/LevelAssets/Factory_CorridorWide.uasset" 77
"../../../../../Users/alex.cou7417/Documents/Unreal Engine/Toss-Pot/Content/LevelAssets/Floor_txt.uasset" 78
"../../../../../Users/alex.cou7417/Documents/Unreal Engine/Toss-Pot/Content/LevelAssets/FloorMat.uasset" 79
"../../../../../Users/alex.cou7417/Documents/Unreal Engine/Toss-Pot/Content/LevelAssets/Floor.uasset" 80
"../../../../../Users/alex.cou7417/Documents/Unreal Engine/Toss-Pot/Content/LevelAssets/Material.uasset" 81
"../../../../../Users/alex.cou7417/Documents/Unreal Engine/Toss-Pot/Content/LevelAssets/Material1.uasset" 82
"../../../../../Users/alex.cou7417/Documents/Unreal Engine/Toss-Pot/Content/LevelAssets/Material2.uasset" 83
"../../../../../Users/alex.cou7417/Documents/Unreal Engine/Toss-Pot/Content/LevelAssets/Material3.uasset" 84
"../../../../../Users/alex.cou7417/Documents/Unreal Engine/Toss-Pot/Content/LevelAssets/Material4.uasset" 85
"../../../../../Users/alex.cou7417/Documents/Unreal Engine/Toss-Pot/Content/LevelAssets/Material5.uasset" 86
"../../../../../Users/alex.cou7417/Documents/Unreal Engine/Toss-Pot/Content/LevelAssets/Material_005.uasset" 87
"../../../../../Users/alex.cou7417/Documents/Unreal Engine/Toss-Pot/Content/LevelAssets/Material_008.uasset" 88
"../../../../../Users/alex.cou7417/Documents/Unreal Engine/Toss-Pot/Content/LevelAssets/Material_009.uasset" 89
"../../../../../Users/alex.cou7417/Documents/Unreal Engine/Toss-Pot/Content/LevelAssets/Material_025.uasset" 90
"../../../../../Users/alex.cou7417/Documents/Unreal Engine/Toss-Pot/Content/LevelAssets/Material_026.uasset" 91
"../../../../../Users/alex.cou7417/Documents/Unreal Engine/Toss-Pot/Content/LevelAssets/Material_027.uasset" 92
"../../../../../Users/alex.cou7417/Documents/Unreal Engine/Toss-Pot/Content/LevelAssets/Material_028.uasset" 93
"../../../../../Users/alex.cou7417/Documents/Unreal Engine/Toss-Pot/Content/LevelAssets/Material_029.uasset" 94
"../../../../../Users/alex.cou7417/Documents/Unreal Engine/Toss-Pot/Content/LevelAssets/Material_030.uasset" 95
"../../../../../Users/alex.cou7417/Documents/Unreal Engine/Toss-Pot/Content/LevelAssets/Material_031.uasset" 96
"../../../../../Users/alex.cou7417/Documents/Unreal Engine/Toss-Pot/Content/LevelAssets/Material_032.uasset" 97
"../../../../../Users/alex.cou7417/Documents/Unreal Engine/Toss-Pot/Content/LevelAssets/Material_033.uasset" 98
"../../../../../Users/alex.cou7417/Documents/Unreal Engine/Toss-Pot/Content/LevelAssets/Material_034.uasset" 99
"../../../../../Users/alex.cou7417/Documents/Unreal Engine/Toss-Pot/Content/LevelAssets/Material_035.uasset" 100
"../../../../../Users/alex.cou7417/Documents/Unreal Engine/Toss-Pot/Content/LevelAssets/Material_036.uasset" 101
"../../../../../Users/alex.cou7417/Documents/Unreal Engine/Toss-Pot/Content/LevelAssets/Material_037.uasset" 102
"../../../../../Users/alex.cou7417/Documents/Unreal Engine/Toss-Pot/Content/LevelAssets/Material_038.uasset" 103
"../../../../../Users/alex.cou7417/Documents/Unreal Engine/Toss-Pot/Content/LevelAssets/Material_039.uasset" 104
"../../../../../Users/alex.cou7417/Documents/Unreal Engine/Toss-Pot/Content/LevelAssets/Material_040.uasset" 105
"../../../../../Users/alex.cou7417/Documents/Unreal Engine/Toss-Pot/Content/LevelAssets/Platform_txt.uasset" 106
"../../../../../Users/alex.cou7417/Documents/Unreal Engine/Toss-Pot/Content/LevelAssets/PlatformMat.uasset" 107
"../../../../../Users/alex.cou7417/Documents/Unreal Engine/Toss-Pot/Content/LevelAssets/Platform.uasset" 108
"../../../../../Users/alex.cou7417/Documents/Unreal Engine/Toss-Pot/Content/LevelBuilding/Mateirals/ElectricDoor_color.uasset" 109
"../../../../../Users/alex.cou7417/Documents/Unreal Engine/Toss-Pot/Content/LevelBuilding/Mateirals/ElectricDoor_MAT.uasset" 110
"../../../../../Users/alex.cou7417/Documents/Unreal Engine/Toss-Pot/Content/LevelBuilding/ElectricDoor.uasset" 111
"../../../../../Users/alex.cou7417/Documents/Unreal Engine/Toss-Pot/Content/LevelBuilding/ElectricDoorRails.uasset" 112
"../../../../../Users/alex.cou7417/Documents/Unreal Engine/Toss-Pot/Content/LevelBuilding/Mateirals/WalkwayShape_color.uasset" 113
"../../../../../Users/alex.cou7417/Documents/Unreal Engine/Toss-Pot/Content/LevelBuilding/Mateirals/Walkway_MAT.uasset" 114
"../../../../../Users/alex.cou7417/Documents/Unreal Engine/Toss-Pot/Content/LevelBuilding/Tri_Pole.uasset" 115
"../../../../../Users/alex.cou7417/Documents/Unreal Engine/Toss-Pot/Content/LevelBuilding/Mateirals/DoorMat.uasset" 116
"../../../../../Users/alex.cou7417/Documents/Unreal Engine/Toss-Pot/Content/LevelBuilding/Mateirals/ElectricDoor_OpacityMask.uasset" 117
"../../../../../Users/alex.cou7417/Documents/Unreal Engine/Toss-Pot/Content/LevelBuilding/Mateirals/ElectricDoor_MAT_Opacity.uasset" 118
"../../../../../Users/alex.cou7417/Documents/Unreal Engine/Toss-Pot/Content/LevelBuilding/NewPoles/Tri_Pole.uasset" 119
"../../../../../Users/alex.cou7417/Documents/Unreal Engine/Toss-Pot/Content/Materials/GroundMaterial.uasset" 120
"../../../../../Users/alex.cou7417/Documents/Unreal Engine/Toss-Pot/Content/Materials/Ground.uasset" 121
"../../../../../Users/alex.cou7417/Documents/Unreal Engine/Toss-Pot/Content/Materials/Ground_Inst.uasset" 122
"../../../../../Users/alex.cou7417/Documents/Unreal Engine/Toss-Pot/Content/Materials/MagneticWallBody.uasset" 123
"../../../../../Users/alex.cou7417/Documents/Unreal Engine/Toss-Pot/Content/Materials/TossShape_color.uasset" 124
"../../../../../Users/alex.cou7417/Documents/Unreal Engine/Toss-Pot/Content/Materials/Base/PP_OutlineCustomDepthOcclusion.uasset" 125
"../../../../../Users/alex.cou7417/Documents/Unreal Engine/Toss-Pot/Content/Materials/Base/OutlineToss.uasset" 126
"../../../../../Users/alex.cou7417/Documents/Unreal Engine/Toss-Pot/Content/Materials/Base/PP_OutlineInteractables.uasset" 127
"../../../../../Users/alex.cou7417/Documents/Unreal Engine/Toss-Pot/Content/MenuAssets/Audio.uasset" 128
"../../../../../Users/alex.cou7417/Documents/Unreal Engine/Toss-Pot/Content/MenuAssets/BackgroundTemp.uasset" 129
"../../../../../Users/alex.cou7417/Documents/Unreal Engine/Toss-Pot/Content/MenuAssets/Fullscreen.uasset" 130
"../../../../../Users/alex.cou7417/Documents/Unreal Engine/Toss-Pot/Content/MenuAssets/GameOver.uasset" 131
"../../../../../Users/alex.cou7417/Documents/Unreal Engine/Toss-Pot/Content/MenuAssets/lambert1.uasset" 132
"../../../../../Users/alex.cou7417/Documents/Unreal Engine/Toss-Pot/Content/MenuAssets/lambert10.uasset" 133
"../../../../../Users/alex.cou7417/Documents/Unreal Engine/Toss-Pot/Content/MenuAssets/lambert11.uasset" 134
"../../../../../Users/alex.cou7417/Documents/Unreal Engine/Toss-Pot/Content/MenuAssets/lambert2.uasset" 135
"../../../../../Users/alex.cou7417/Documents/Unreal Engine/Toss-Pot/Content/MenuAssets/lambert3.uasset" 136
"../../../../../Users/alex.cou7417/Documents/Unreal Engine/Toss-Pot/Content/MenuAssets/lambert4.uasset" 137
"../../../../../Users/alex.cou7417/Documents/Unreal Engine/Toss-Pot/Content/MenuAssets/lambert5.uasset" 138
"../../../../../Users/alex.cou7417/Documents/Unreal Engine/Toss-Pot/Content/MenuAssets/lambert6.uasset" 139
"../../../../../Users/alex.cou7417/Documents/Unreal Engine/Toss-Pot/Content/MenuAssets/lambert7.uasset" 140
"../../../../../Users/alex.cou7417/Documents/Unreal Engine/Toss-Pot/Content/MenuAssets/lambert8.uasset" 141
"../../../../../Users/alex.cou7417/Documents/Unreal Engine/Toss-Pot/Content/MenuAssets/lambert9.uasset" 142
"../../../../../Users/alex.cou7417/Documents/Unreal Engine/Toss-Pot/Content/MenuAssets/MenuButton.uasset" 143
"../../../../../Users/alex.cou7417/Documents/Unreal Engine/Toss-Pot/Content/MenuAssets/MenuButtonPressed.uasset" 144
"../../../../../Users/alex.cou7417/Documents/Unreal Engine/Toss-Pot/Content/MenuAssets/OptionButton.uasset" 145
"../../../../../Users/alex.cou7417/Documents/Unreal Engine/Toss-Pot/Content/MenuAssets/OptionsButtonPressed.uasset" 146
"../../../../../Users/alex.cou7417/Documents/Unreal Engine/Toss-Pot/Content/MenuAssets/Paused.uasset" 147
"../../../../../Users/alex.cou7417/Documents/Unreal Engine/Toss-Pot/Content/MenuAssets/PlayButton.uasset" 148
"../../../../../Users/alex.cou7417/Documents/Unreal Engine/Toss-Pot/Content/MenuAssets/PlayButtonPressed2.uasset" 149
"../../../../../Users/alex.cou7417/Documents/Unreal Engine/Toss-Pot/Content/MenuAssets/QuitButton.uasset" 150
"../../../../../Users/alex.cou7417/Documents/Unreal Engine/Toss-Pot/Content/MenuAssets/QuitButtonPressed.uasset" 151
"../../../../../Users/alex.cou7417/Documents/Unreal Engine/Toss-Pot/Content/MenuAssets/ResumeButton.uasset" 152
"../../../../../Users/alex.cou7417/Documents/Unreal Engine/Toss-Pot/Content/MenuAssets/ResumeButtonPressed.uasset" 153
"../../../../../Users/alex.cou7417/Documents/Unreal Engine/Toss-Pot/Content/Particles/ParticleStar_Skeleton.uasset" 154
"../../../../../Users/alex.cou7417/Documents/Unreal Engine/Toss-Pot/Content/Particles/ParticleStar_Anim.uasset" 155
"../../../../../Users/alex.cou7417/Documents/Unreal Engine/Toss-Pot/Content/Particles/MagnetBeam_MAT.uasset" 156
"../../../../../Users/alex.cou7417/Documents/Unreal Engine/Toss-Pot/Content/Particles/Beam_Part.uasset" 157
"../../../../../Users/alex.cou7417/Documents/Unreal Engine/Toss-Pot/Content/Particles/Magnet_Part.uasset" 158
"../../../../../Users/alex.cou7417/Documents/Unreal Engine/Toss-Pot/Content/Particles/Invisible_MAT.uasset" 159
"../../../../../Users/alex.cou7417/Documents/Unreal Engine/Toss-Pot/Content/Particles/ParticleStar_PhysicsAsset.uasset" 160
"../../../../../Users/alex.cou7417/Documents/Unreal Engine/Toss-Pot/Content/Particles/ParticleStar.uasset" 161
"../../../../../Users/alex.cou7417/Documents/Unreal Engine/Toss-Pot/Content/Particles/mAGNETbEAM.uasset" 162
"../../../../../Users/alex.cou7417/Documents/Unreal Engine/Toss-Pot/Content/Particles/Sparking_MAT.uasset" 163
"../../../../../Users/alex.cou7417/Documents/Unreal Engine/Toss-Pot/Content/Skeletons/PotShape_Diff.uasset" 164
"../../../../../Users/alex.cou7417/Documents/Unreal Engine/Toss-Pot/Content/Skeletons/PotShape_Emissive.uasset" 165
"../../../../../Users/alex.cou7417/Documents/Unreal Engine/Toss-Pot/Content/Animations/Pot/Pot_Exploded_lambert1_Diffuse.uasset" 166
"../../../../../Users/alex.cou7417/Documents/Unreal Engine/Toss-Pot/Content/Animations/Pot/Pot_Exploded_lambert1_Emissive.uasset" 167
"../../../../../Users/alex.cou7417/Documents/Unreal Engine/Toss-Pot/Content/Animations/Pot/Pot_Exploded_lambert1_Glossiness.uasset" 168
"../../../../../Users/alex.cou7417/Documents/Unreal Engine/Toss-Pot/Content/Skeletons/Pot_MAT.uasset" 169
"../../../../../Users/alex.cou7417/Documents/Unreal Engine/Toss-Pot/Content/Skeletons/Pot_Rigged_Textured_PhysicsAsset.uasset" 170
"../../../../../Users/alex.cou7417/Documents/Unreal Engine/Toss-Pot/Content/Skeletons/Pot_Rigged_Textured.uasset" 171
"../../../Engine/Content/EditorMaterials/Cascade/CASC_Cross.uasset" 172
"../../../Engine/Content/EditorMaterials/Cascade/CASC_None.uasset" 173
"../../../Engine/Content/Functions/Engine_MaterialFunctions03/Blends/Blend_Lighten.uasset" 174
"../../../../../Users/alex.cou7417/Documents/Unreal Engine/Toss-Pot/Content/Skeletons/TossShape_Diff.uasset" 175
"../../../../../Users/alex.cou7417/Documents/Unreal Engine/Toss-Pot/Content/Skeletons/TossShape_Emissive.uasset" 176
"../../../../../Users/alex.cou7417/Documents/Unreal Engine/Toss-Pot/Content/Skeletons/Toss_Mat.uasset" 177
"../../../../../Users/alex.cou7417/Documents/Unreal Engine/Toss-Pot/Content/Skeletons/Toss_Rigged_Textured_PhysicsAsset.uasset" 178
"../../../../../Users/alex.cou7417/Documents/Unreal Engine/Toss-Pot/Content/Skeletons/Toss_Rigged_Textured.uasset" 179
"../../../../../Users/alex.cou7417/Documents/Unreal Engine/Toss-Pot/Content/Sounds/MovingPlatform.uasset" 180
"../../../../../Users/alex.cou7417/Documents/Unreal Engine/Toss-Pot/Content/Sounds/Door_Cue.uasset" 181
"../../../../../Users/alex.cou7417/Documents/Unreal Engine/Toss-Pot/Content/Sounds/MovingPlatform_Cue.uasset" 182
"../../../../../Users/alex.cou7417/Documents/Unreal Engine/Toss-Pot/Content/Fonts/Sary_Soft.uasset" 183
"../../../../../Users/alex.cou7417/Documents/Unreal Engine/Toss-Pot/Content/Fonts/Sary_Soft_Font.uasset" 184
"../../../../../Users/alex.cou7417/Documents/Unreal Engine/Toss-Pot/Content/Fonts/Sary_Soft_SemiBlod.uasset" 185
"../../../../../Users/alex.cou7417/Documents/Unreal Engine/Toss-Pot/Content/Fonts/Sary_Soft_SemiBlod_Font.uasset" 186
"../../../../../Users/alex.cou7417/Documents/Unreal Engine/Toss-Pot/Content/UI/BP_ControlMenuWidget.uasset" 187
"../../../Engine/Content/EngineMaterials/DefaultMaterial.uasset" 188
"../../../Engine/Content/BasicShapes/Cone.uasset" 189
"../../../Engine/Content/BasicShapes/Cylinder.uasset" 190
"../../../Engine/Content/BasicShapes/Plane.uasset" 191
"../../../Engine/Content/BasicShapes/Sphere.uasset" 192
"../../../Engine/Content/EditorLandscapeResources/DataLayer.uasset" 193
"../../../Engine/Content/EditorMaterials/GizmoMaterial.uasset" 194
"../../../Engine/Content/EditorMaterials/MAT_Groups_Toggle.uasset" 195
"../../../Engine/Content/EditorMaterials/MAT_Groups_Visibility.uasset" 196
"../../../Engine/Content/EditorMaterials/PreviewShadowIndicator.uasset" 197
"../../../Engine/Content/EditorMaterials/PreviewShadowIndicatorMaterial.uasset" 198
"../../../Engine/Content/EditorMaterials/MatineeGroups/MAT_ColorTrack.uasset" 199
"../../../Engine/Content/EditorMaterials/MatineeGroups/MAT_Groups_Anim.uasset" 200
"../../../Engine/Content/EditorMaterials/MatineeGroups/MAT_Groups_AudioMaster.uasset" 201
"../../../Engine/Content/EditorMaterials/MatineeGroups/MAT_Groups_Director.uasset" 202
"../../../Engine/Content/EditorMaterials/MatineeGroups/MAT_Groups_Event.uasset" 203
"../../../Engine/Content/EditorMaterials/MatineeGroups/MAT_Groups_Fade.uasset" 204
"../../../Engine/Content/EditorMaterials/MatineeGroups/MAT_Groups_Float.uasset" 205
"../../../Engine/Content/EditorMaterials/MatineeGroups/MAT_Groups_Move.uasset" 206
"../../../Engine/Content/EditorMaterials/MatineeGroups/MAT_Groups_Slomo.uasset" 207
"../../../Engine/Content/EditorMaterials/MatineeGroups/MAT_Groups_Sound.uasset" 208
"../../../Engine/Content/EditorMaterials/MatineeGroups/MAT_Groups_Vector.uasset" 209
"../../../Engine/Content/EditorMaterials/ParticleSystems/PSysThumbnail_NoImage.uasset" 210
"../../../Engine/Content/EditorMaterials/ParticleSystems/PSysThumbnail_OOD.uasset" 211
"../../../Engine/Content/EditorMaterials/Camera/CineMat.uasset" 212
"../../../Engine/Content/EditorMaterials/Camera/MI_CineMat_Rig.uasset" 213
"../../../Engine/Content/EditorMeshes/Camera/SM_CraneRig_Arm.uasset" 214
"../../../Engine/Content/EditorMeshes/Camera/SM_CraneRig_Base.uasset" 215
"../../../Engine/Content/EditorMeshes/Camera/SM_CraneRig_Body.uasset" 216
"../../../Engine/Content/EditorMeshes/Camera/SM_CraneRig_Mount.uasset" 217
"../../../Engine/Content/EditorMeshes/Camera/SM_RailRig_Mount.uasset" 218
"../../../Engine/Content/EditorMeshes/Camera/SM_RailRig_Track.uasset" 219
"../../../Engine/Content/EditorMeshes/ColorCalibrator/M_ChromeBall.uasset" 220
"../../../Engine/Content/EditorMeshes/ColorCalibrator/M_ClearCoat.uasset" 221
"../../../Engine/Content/EditorMeshes/ColorCalibrator/M_ClearCoatBlack.uasset" 222
"../../../Engine/Content/EditorMeshes/ColorCalibrator/Color_checker.uasset" 223
"../../../Engine/Content/EditorMeshes/ColorCalibrator/M_ColorGrid.uasset" 224
"../../../Engine/Content/EditorMeshes/ColorCalibrator/M_GreyBall.uasset" 225
"../../../Engine/Content/EditorMeshes/ColorCalibrator/SM_ColorCalibrator.uasset" 226
"../../../Engine/Content/EditorResources/BSPVertex.uasset" 227
"../../../Engine/Content/EditorResources/EmptyActor.uasset" 228
"../../../Engine/Content/EditorResources/S_Actor.uasset" 229
"../../../Engine/Content/EditorResources/S_Trigger.uasset" 230
"../../../Engine/Content/EditorResources/AudioIcons/S_AudioComponent.uasset" 231
"../../../Engine/Content/EditorResources/AudioIcons/S_AudioComponent_AutoActivate.uasset" 232
"../../../Engine/Content/EditorResources/LightIcons/S_LightError.uasset" 233
"../../../Engine/Content/EditorResources/SequenceRecorder/Countdown.uasset" 234
"../../../Engine/Content/EditorResources/SequenceRecorder/RecordingIndicator.uasset" 235
"../../../Engine/Content/EditorSounds/Notifications/CompileFailed.uasset" 236
"../../../Engine/Content/EditorSounds/Notifications/CompileFailed_Cue.uasset" 237
"../../../Engine/Content/EditorSounds/Notifications/CompileSuccess.uasset" 238
"../../../Engine/Content/EditorSounds/Notifications/CompileStart_Cue.uasset" 239
"../../../Engine/Content/EditorSounds/Notifications/CompileSuccess_Cue.uasset" 240
"../../../Engine/Content/EngineDamageTypes/DmgTypeBP_Environmental.uasset" 241
"../../../Engine/Content/EngineDebugMaterials/HeatmapGradient.uasset" 242
"../../../Engine/Content/EngineDebugMaterials/BoneWeightMaterial.uasset" 243
"../../../Engine/Content/EngineDebugMaterials/ClothMaterial.uasset" 244
"../../../Engine/Content/EngineDebugMaterials/ClothMaterial_WF.uasset" 245
"../../../Engine/Content/EngineDebugMaterials/DebugEditorMaterial.uasset" 246
"../../../Engine/Content/EngineDebugMaterials/DebugMeshMaterial.uasset" 247
"../../../Engine/Content/EngineDebugMaterials/GeomMaterial.uasset" 248
"../../../Engine/Content/EngineFonts/Faces/RobotoBold.uasset" 249
"../../../Engine/Content/EngineFonts/Faces/RobotoBoldItalic.uasset" 250
"../../../Engine/Content/EngineFonts/Faces/RobotoItalic.uasset" 251
"../../../Engine/Content/EngineFonts/Faces/RobotoLight.uasset" 252
"../../../Engine/Content/EngineFonts/Faces/RobotoRegular.uasset" 253
"../../../Engine/Content/EngineFonts/Roboto.uasset" 254
"../../../Engine/Content/EngineFonts/Faces/RobotoTiny.uasset" 255
"../../../Engine/Content/EngineFonts/RobotoTiny.uasset" 256
"../../../Engine/Content/EngineMaterials/DefaultBloomKernel.uasset" 257
"../../../Engine/Content/EngineMaterials/DefaultBokeh.uasset" 258
"../../../Engine/Content/EngineMaterials/DefaultDiffuse.uasset" 259
"../../../Engine/Content/EngineMaterials/DefaultDeferredDecalMaterial.uasset" 260
"../../../Engine/Content/EngineMaterials/DefaultLightFunctionMaterial.uasset" 261
"../../../Engine/Content/EngineMaterials/DefaultPhysicalMaterial.uasset" 262
"../../../Engine/Content/EngineMaterials/DefaultPostProcessMaterial.uasset" 263
"../../../Engine/Content/EngineFonts/RobotoDistanceField.uasset" 264
"../../../Engine/Content/EngineMaterials/DefaultTextMaterialOpaque.uasset" 265
"../../../Engine/Content/EngineMaterials/DefaultWhiteGrid.uasset" 266
"../../../Engine/Content/EngineMaterials/EditorBrushMaterial.uasset" 267
"../../../Engine/Content/EngineMaterials/Good64x64TilingNoiseHighFreq.uasset" 268
"../../../Engine/Content/EngineMaterials/MiniFont.uasset" 269
"../../../Engine/Content/EngineMaterials/InvalidLightmapSettings.uasset" 270
"../../../Engine/Content/EngineMaterials/M_InvalidLightmapSettings.uasset" 271
"../../../Engine/Content/Functions/Engine_MaterialFunctions02/WorldPositionOffset/CameraOffset.uasset" 272
"../../../Engine/Content/EngineMaterials/PhAT_JointLimitMaterial.uasset" 273
"../../../Engine/Content/EngineMaterials/PreintegratedSkinBRDF.uasset" 274
"../../../Engine/Content/EngineMaterials/RemoveSurfaceMaterial.uasset" 275
"../../../Engine/Content/EngineMaterials/WeightMapPlaceholderTexture.uasset" 276
"../../../Engine/Content/EngineResources/WhiteSquareTexture.uasset" 277
"../../../Engine/Content/EngineMaterials/Widget3DPassThrough.uasset" 278
"../../../Engine/Content/EngineMaterials/Widget3DPassThrough_Masked.uasset" 279
"../../../Engine/Content/EngineMaterials/Widget3DPassThrough_Opaque.uasset" 280
"../../../Engine/Content/EngineMaterials/Widget3DPassThrough_Masked_OneSided.uasset" 281
"../../../Engine/Content/EngineMaterials/Widget3DPassThrough_Opaque_OneSided.uasset" 282
"../../../Engine/Content/EngineMaterials/Widget3DPassThrough_Translucent.uasset" 283
"../../../Engine/Content/EngineMaterials/Widget3DPassThrough_Translucent_OneSided.uasset" 284
"../../../Engine/Content/EngineMeshes/Cube.uasset" 285
"../../../Engine/Content/EngineMeshes/Cylinder.uasset" 286
"../../../Engine/Content/EngineMeshes/Sphere.uasset" 287
"../../../Engine/Content/EngineResources/Black.uasset" 288
"../../../Engine/Content/EngineResources/DefaultTexture.uasset" 289
"../../../Engine/Content/EngineResources/DefaultTextureCube.uasset" 290
"../../../Engine/Content/EngineResources/GradientTexture0.uasset" 291
"../../../Engine/Content/EngineSounds/Master.uasset" 292
"../../../Engine/Content/Functions/Engine_MaterialFunctions01/Shading/ConvertFromDiffSpec.uasset" 293
"../../../Engine/Content/Functions/Engine_MaterialFunctions01/Shading/PowerToRoughness.uasset" 294
"../../../Engine/Content/Maps/Templates/Thumbnails/Default.uasset" 295
"../../../Engine/Content/Maps/Templates/Thumbnails/VR-Basic.uasset" 296
"../../../Engine/Content/MobileResources/T_MobileControls_texture.uasset" 297
"../../../Engine/Content/MobileResources/T_MobileMenu2.uasset" 298
"../../../Engine/Content/MobileResources/HUD/AnalogHat.uasset" 299
"../../../Engine/Content/MobileResources/HUD/VirtualJoystick_Background.uasset" 300
"../../../Engine/Content/MobileResources/HUD/VirtualJoystick_Thumb.uasset" 301
"../../../Engine/Content/MobileResources/HUD/DefaultVirtualJoysticks.uasset" 302
"../../../Engine/Content/MobileResources/HUD/LeftVirtualJoystickOnly.uasset" 303
"../../../Engine/Content/MobileResources/HUD/MobileHUDButton1_off.uasset" 304
"../../../Engine/Content/MobileResources/HUD/MobileHUDButton1_on.uasset" 305
"../../../Engine/Content/MobileResources/HUD/MobileHUDButton2_off.uasset" 306
"../../../Engine/Content/MobileResources/HUD/MobileHUDButton2_on.uasset" 307
"../../../Engine/Content/MobileResources/HUD/MobileHUDButton3.uasset" 308
"../../../Engine/Content/MobileResources/HUD/MobileHUDButtonFire.uasset" 309
"../../../Engine/Content/MobileResources/HUD/MobileHUDDirectionPad.uasset" 310
"../../../Engine/Content/MobileResources/HUD/MobileHUDDirectionPad2.uasset" 311
"../../../Engine/Content/MobileResources/HUD/MobileHUDDirectionPad3.uasset" 312
"../../../Engine/Content/MobileResources/HUD/MobileHUDDirectionStick.uasset" 313
"../../../Engine/Content/MobileResources/HUD/T_Castle_ThumbstickInner.uasset" 314
"../../../Engine/Content/MobileResources/HUD/T_Castle_ThumbstickOutter.uasset" 315
"../../../Engine/Content/Tutorial/ContentIntroCurve.uasset" 316
"../../../Engine/Content/Tutorial/Basics/TutorialAssets/icon_tab_Levels_40x.uasset" 317
"../../../Engine/Content/Tutorial/BlueprintTutorials/TutorialAssets/BlueprintInterface_64x.uasset" 318
"../../../Engine/Content/Tutorial/BlueprintTutorials/TutorialAssets/BlueprintMacroLibrary_64x.uasset" 319
"../../../Engine/Content/Tutorial/BlueprintTutorials/TutorialAssets/Blueprint_64x.uasset" 320
"../../../Engine/Content/Tutorial/BlueprintTutorials/TutorialAssets/Tutorial_BP_Interface.uasset" 321
"../../../Engine/Content/Tutorial/Foliage/TutorialAssets/Foliage.uasset" 322
"../../../Engine/Content/Tutorial/Landscape/TutorialAssets/Landscape.uasset" 323
"../../../Engine/Content/Tutorial/Paper2D/TutorialAssets/Paper2DFlipbook_TutorialIcon.uasset" 324
"../../../Engine/Content/Tutorial/Paper2D/TutorialAssets/Paper2DSprite_TutorialIcon.uasset" 325
"../../../Engine/Content/Tutorial/SubEditors/TutorialAssets/icon_Editor_Preferences_General_40x.uasset" 326
"../../../Engine/Content/Tutorial/SubEditors/TutorialAssets/icon_ShowSkeletalMeshes_40x.uasset" 327
"../../../Engine/Content/Tutorial/SubEditors/TutorialAssets/TutorialMaterial.uasset" 328
"../../../Engine/Content/Tutorial/SubEditors/TutorialAssets/T_SmokeSubUV_8X8.uasset" 329
"../../../Engine/Content/Tutorial/SubEditors/TutorialAssets/T_soft_smoke.uasset" 330
"../../../Engine/Content/Tutorial/SubEditors/TutorialAssets/M_smoke_subUV_blackbody.uasset" 331
"../../../Engine/Content/Tutorial/SubEditors/TutorialAssets/TutorialParticleSystem.uasset" 332
"../../../Engine/Content/VREditor/Devices/Generic/GenericHMDMaterial.uasset" 333
"../../../Engine/Content/VREditor/Devices/Generic/GenericHMD.uasset" 334
"../../../Engine/Content/Functions/Engine_MaterialFunctions02/Utility/BreakOutFloat3Components.uasset" 335
"../../../Engine/Content/VREditor/Devices/Vive/VivePreController_MasksB.uasset" 336
"../../../Engine/Content/VREditor/Devices/Oculus/OculusControllerMaterial.uasset" 337
"../../../Engine/Content/VREditor/Devices/Oculus/OculusControllerMaterial_Inst.uasset" 338
"../../../Engine/Content/VREditor/Devices/Oculus/OculusControllerMesh.uasset" 339
"../../../Engine/Content/VREditor/Devices/Vive/T_VivePreController_EM.uasset" 340
"../../../Engine/Content/VREditor/Devices/Vive/VivePreController_MasksA.uasset" 341
"../../../Engine/Content/VREditor/Devices/Vive/VivePreControllerDiffuse.uasset" 342
"../../../Engine/Content/VREditor/Devices/Vive/VivePreControllerSpec.uasset" 343
"../../../Engine/Content/VREditor/LaserPointer/VR_LaserPower_01.uasset" 344
"../../../Engine/Content/VREditor/Devices/Vive/VivePreControllerMaterial.uasset" 345
"../../../Engine/Content/VREditor/Devices/Vive/VivePreControllerMaterial_Inst.uasset" 346
"../../../Engine/Content/VREditor/Devices/Vive/VivePreControllerMesh.uasset" 347
"../../../Engine/Content/VREditor/FloatingText/LineMaterial.uasset" 348
"../../../Engine/Content/VREditor/FloatingText/JointSphere.uasset" 349
"../../../Engine/Content/VREditor/FloatingText/LineSegmentCylinder.uasset" 350
"../../../Engine/Content/VREditor/Fonts/VRText_RobotoLarge.uasset" 351
"../../../Engine/Content/VREditor/Fonts/VRTextMaterial.uasset" 352
"../../../Engine/Content/VREditor/Fonts/TranslucentVRTextMaterial.uasset" 353
"../../../Engine/Content/VREditor/LaserPointer/CursorPointer.uasset" 354
"../../../Engine/Content/VREditor/TransformGizmo/TransformGizmoMaterial.uasset" 355
"../../../Engine/Content/VREditor/LaserPointer/HoverMaterial.uasset" 356
"../../../Engine/Content/VREditor/TransformGizmo/TranslucentTransformGizmoMaterial.uasset" 357
"../../../Engine/Content/VREditor/LaserPointer/TranslucentHoverMaterial.uasset" 358
"../../../Engine/Content/VREditor/LaserPointer/HoverMesh.uasset" 359
"../../../Engine/Content/VREditor/LaserPointer/LaserPointerMaterial.uasset" 360
"../../../Engine/Content/VREditor/LaserPointer/LaserPointerMaterialInst.uasset" 361
"../../../Engine/Content/VREditor/LaserPointer/TranslucentLaserPointerMaterialInst.uasset" 362
"../../../Engine/Content/VREditor/LaserPointer/LaserPointerMesh.uasset" 363
"../../../Engine/Content/VREditor/LaserPointer/LaserPointerMesh_End.uasset" 364
"../../../Engine/Content/VREditor/LaserPointer/LaserPointerMesh_Start.uasset" 365
"../../../Engine/Content/VREditor/Sounds/VR_teleport.uasset" 366
"../../../Engine/Content/VREditor/Sounds/UI/Click_on_Button.uasset" 367
"../../../Engine/Content/VREditor/Sounds/UI/Click_on_Button_Cue.uasset" 368
"../../../Engine/Content/VREditor/Sounds/UI/Dockable_Window_Close.uasset" 369
"../../../Engine/Content/VREditor/Sounds/UI/Dockable_Window_Drop.uasset" 370
"../../../Engine/Content/VREditor/Sounds/UI/Dockable_Window_Open.uasset" 371
"../../../Engine/Content/VREditor/Sounds/UI/Dockable_Window_Pick_Up.uasset" 372
"../../../Engine/Content/VREditor/Sounds/UI/Drop_Item_From_ContentBrowser.uasset" 373
"../../../Engine/Content/VREditor/Sounds/UI/Floating_UI_Open-001.uasset" 374
"../../../Engine/Content/VREditor/Sounds/UI/Radial_Menu_FadeOut.uasset" 375
"../../../Engine/Content/VREditor/Sounds/UI/Teleport_Mode_Entered.uasset" 376
"../../../Engine/Content/VREditor/Teleport/TeleportDirectionMaterial.uasset" 377
"../../../Engine/Content/VREditor/Teleport/TeleportDirectionMaterial_Inst.uasset" 378
"../../../Engine/Content/VREditor/Teleport/TeleportDirectionMesh.uasset" 379
"../../../Engine/Content/VREditor/TransformGizmo/BoundingBoxCorner.uasset" 380
"../../../Engine/Content/VREditor/TransformGizmo/BoundingBoxEdge.uasset" 381
"../../../Engine/Content/VREditor/TransformGizmo/PlaneTranslationHandle.uasset" 382
"../../../Engine/Content/VREditor/TransformGizmo/Main.uasset" 383
"../../../Engine/Content/VREditor/TransformGizmo/Xray.uasset" 384
"../../../Engine/Content/VREditor/TransformGizmo/SM_Dialog_Close.uasset" 385
"../../../Engine/Content/VREditor/TransformGizmo/SM_Dialog_Move.uasset" 386
"../../../Engine/Content/VREditor/TransformGizmo/SM_Sequencer_Key.uasset" 387
"../../../Engine/Content/VREditor/TransformGizmo/SM_Sequencer_Node.uasset" 388
"../../../Engine/Content/VREditor/TransformGizmo/TransformGizmoMaterial_Inst.uasset" 389
"../../../Engine/Content/VREditor/TransformGizmo/TranslucentTransformGizmoMaterial_Inst.uasset" 390
"../../../Engine/Content/VREditor/Devices/Vive/UE4_Logo.uasset" 391
"../../../Engine/Content/VREditor/UI/M_ContentWindow.uasset" 392
"../../../Engine/Content/VREditor/UI/SM_ContentWindow_01.uasset" 393
"../../../Engine/Content/VREditor/UI/KeyDiskMaterial.uasset" 394
"../../../Engine/Content/VREditor/UI/DiscMaterial.uasset" 395
"../../../Engine/Content/VREditor/UI/SM_Radial_Disk.uasset" 396
"../../../Engine/Content/VREditor/UI/ArrowMaterial.uasset" 397
"../../../Engine/Content/VREditor/UI/SM_Radial_Pointer.uasset" 398
"../../../Engine/Content/Functions/Engine_MaterialFunctions01/Gradient/RadialGradient.uasset" 399
"../../../Engine/Content/VREditor/WorldMovementGrid/SimpleGrid.uasset" 400
"../../../Engine/Content/VREditor/WorldMovementGrid/GridMaterial.uasset" 401
"../../../Engine/Content/Functions/Engine_MaterialFunctions01/Density/ExponentialDensity.uasset" 402
"../../../Engine/Content/VREditor/WorldMovementGrid/GridPostProcess.uasset" 403
"../../../Engine/Content/EditorLandscapeResources/FlattenHeightMat.uasset" 404
"../../../Engine/Content/VREditor/WorldMovementGrid/PlaneMesh.uasset" 405
"../../Plugins/2D/Paper2D/Content/PlaceholderTextures/DummySpriteTexture.uasset" 406
"../../Plugins/2D/Paper2D/Content/DummySprite.uasset" 407
"../../Plugins/2D/Paper2D/Content/DefaultPaperTerrainMaterial.uasset" 408
"../../Plugins/2D/Paper2D/Content/DefaultSpriteMaterial.uasset" 409
"../../Plugins/2D/Paper2D/Content/MaskedUnlitSpriteMaterial.uasset" 410
"../../Plugins/2D/Paper2D/Content/OpaqueUnlitSpriteMaterial.uasset" 411
"../../Plugins/Media/MediaCompositing/Content/DefaultMediaPlaneTexture.uasset" 412
"../../Plugins/Media/MediaCompositing/Content/DefaultMediaPlaneMaterial.uasset" 413
"../../../Engine/Content/Functions/Engine_MaterialFunctions02/Utility/MakeFloat4.uasset" 414
"../../Plugins/Runtime/AppleARKit/Content/ARKitCameraMaterial.uasset" 415
"../../Plugins/Runtime/Oculus/OculusVR/Content/Textures/GearVRController_AO.uasset" 416
"../../Plugins/Runtime/Oculus/OculusVR/Content/Textures/GearVRController_Color.uasset" 417
"../../Plugins/Runtime/Oculus/OculusVR/Content/Textures/GearVRController_Normal.uasset" 418
"../../Plugins/Runtime/Oculus/OculusVR/Content/Materials/GearVRControllerMaterial.uasset" 419
"../../Plugins/Runtime/Oculus/OculusVR/Content/Meshes/GearVrController.uasset" 420
"../../../../../Users/alex.cou7417/Documents/Unreal Engine/Toss-Pot/Content/Animations/Pot/Pot_Idle_0-30.uasset" 421
"../../../../../Users/alex.cou7417/Documents/Unreal Engine/Toss-Pot/Content/Animations/Pot/Pot_WalkCycle.uasset" 422
"../../../../../Users/alex.cou7417/Documents/Unreal Engine/Toss-Pot/Content/Animations/Pot/MovementBlendScapePot.uasset" 423
"../../../../../Users/alex.cou7417/Documents/Unreal Engine/Toss-Pot/Content/Animations/Pot/Pot_AnimationBP.uasset" 424
"../../../Engine/Content/EditorBlueprintResources/StandardMacros.uasset" 425
"../../../../../Users/alex.cou7417/Documents/Unreal Engine/Toss-Pot/Content/Animations/Toss/Toss_HoldToss.uasset" 426
"../../../../../Users/alex.cou7417/Documents/Unreal Engine/Toss-Pot/Content/Animations/Toss/Toss_LetItGo.uasset" 427
"../../../../../Users/alex.cou7417/Documents/Unreal Engine/Toss-Pot/Content/Animations/Toss/Toss_PickUp_0-20PickUp.uasset" 428
"../../../../../Users/alex.cou7417/Documents/Unreal Engine/Toss-Pot/Content/Animations/Toss/Toss_Idle_0-30Idle_Anim.uasset" 429
"../../../../../Users/alex.cou7417/Documents/Unreal Engine/Toss-Pot/Content/Animations/Toss/Toss_WalkCycle_Looping.uasset" 430
"../../../../../Users/alex.cou7417/Documents/Unreal Engine/Toss-Pot/Content/Animations/Toss/MovementBlendscape.uasset" 431
"../../../../../Users/alex.cou7417/Documents/Unreal Engine/Toss-Pot/Content/Animations/Toss/TossAnimBP.uasset" 432
"../../../../../Users/alex.cou7417/Documents/Unreal Engine/Toss-Pot/Content/LevelAssets/BoxShape_color.uasset" 433
"../../../../../Users/alex.cou7417/Documents/Unreal Engine/Toss-Pot/Content/LevelAssets/Box_MAT.uasset" 434
"../../../../../Users/alex.cou7417/Documents/Unreal Engine/Toss-Pot/Content/LevelAssets/Props/BoxClosed.uasset" 435
"../../../../../Users/alex.cou7417/Documents/Unreal Engine/Toss-Pot/Content/LevelBuilding/Pickup.uasset" 436
"../../../../../Users/alex.cou7417/Documents/Unreal Engine/Toss-Pot/Content/Animations/Toss/Toss_Idle_0-30Idle_PhysicsAsset.uasset" 437
"../../../../../Users/alex.cou7417/Documents/Unreal Engine/Toss-Pot/Content/Animations/Toss/Toss.uasset" 438
"../../../../../Users/alex.cou7417/Documents/Unreal Engine/Toss-Pot/Content/Assets/ThrowIndicator/ThrowIndicator.uasset" 439
"../../../../../Users/alex.cou7417/Documents/Unreal Engine/Toss-Pot/Content/Particles/AttractionRing.uasset" 440
"../../../../../Users/alex.cou7417/Documents/Unreal Engine/Toss-Pot/Content/Particles/AttractionRing_OPAC.uasset" 441
"../../../../../Users/alex.cou7417/Documents/Unreal Engine/Toss-Pot/Content/Particles/AttractionRing_Mat.uasset" 442
"../../../../../Users/alex.cou7417/Documents/Unreal Engine/Toss-Pot/Content/Particles/TossAttract.uasset" 443
"../../../../../Users/alex.cou7417/Documents/Unreal Engine/Toss-Pot/Content/Sounds/Pot_02.uasset" 444
"../../../../../Users/alex.cou7417/Documents/Unreal Engine/Toss-Pot/Content/Sounds/PotGettingPickedUpNoise.uasset" 445
"../../../../../Users/alex.cou7417/Documents/Unreal Engine/Toss-Pot/Content/Sounds/Throw_Cue.uasset" 446
"../../../../../Users/alex.cou7417/Documents/Unreal Engine/Toss-Pot/Content/Blueprints/BP_TossCharacter.uasset" 447
"../../../../../Users/alex.cou7417/Documents/Unreal Engine/Toss-Pot/Content/Blueprints/ActorsTransparent.uasset" 448
"../../../../../Users/alex.cou7417/Documents/Unreal Engine/Toss-Pot/Content/Blueprints/BP_CameraMovement.uasset" 449
"../../../../../Users/alex.cou7417/Documents/Unreal Engine/Toss-Pot/Content/Blueprints/BP_Global.uasset" 450
"../../../../../Users/alex.cou7417/Documents/Unreal Engine/Toss-Pot/Content/Blueprints/GITossPot.uasset" 451
"../../../../../Users/alex.cou7417/Documents/Unreal Engine/Toss-Pot/Content/Blueprints/ButtonImage.uasset" 452
"../../../../../Users/alex.cou7417/Documents/Unreal Engine/Toss-Pot/Content/Blueprints/CommonFunctions.uasset" 453
"../../../../../Users/alex.cou7417/Documents/Unreal Engine/Toss-Pot/Content/Fonts/Sary_Soft_Light.uasset" 454
"../../../../../Users/alex.cou7417/Documents/Unreal Engine/Toss-Pot/Content/Fonts/Sary_Soft_Light_Font.uasset" 455
"../../../../../Users/alex.cou7417/Documents/Unreal Engine/Toss-Pot/Content/ControlAssets/360_Dpad_Down.uasset" 456
"../../../../../Users/alex.cou7417/Documents/Unreal Engine/Toss-Pot/Content/ControlAssets/360_Dpad_Left.uasset" 457
"../../../../../Users/alex.cou7417/Documents/Unreal Engine/Toss-Pot/Content/ControlAssets/360_Dpad_Right.uasset" 458
"../../../../../Users/alex.cou7417/Documents/Unreal Engine/Toss-Pot/Content/ControlAssets/360_Dpad_Up.uasset" 459
"../../../../../Users/alex.cou7417/Documents/Unreal Engine/Toss-Pot/Content/ControlAssets/XboxOne_A.uasset" 460
"../../../../../Users/alex.cou7417/Documents/Unreal Engine/Toss-Pot/Content/ControlAssets/XboxOne_X.uasset" 461
"../../../../../Users/alex.cou7417/Documents/Unreal Engine/Toss-Pot/Content/UI/MenuButton.uasset" 462
"../../../../../Users/alex.cou7417/Documents/Unreal Engine/Toss-Pot/Content/UI/MenuButtonHover.uasset" 463
"../../../../../Users/alex.cou7417/Documents/Unreal Engine/Toss-Pot/Content/UI/MenuButtonPressed.uasset" 464
"../../../../../Users/alex.cou7417/Documents/Unreal Engine/Toss-Pot/Content/UI/BP_ControlMenu.uasset" 465
"../../../../../Users/alex.cou7417/Documents/Unreal Engine/Toss-Pot/Content/UI/BP_PauseWidget.uasset" 466
"../../../../../Users/alex.cou7417/Documents/Unreal Engine/Toss-Pot/Content/Blueprints/TossPotPlayerController.uasset" 467
"../../../Engine/Content/MapTemplates/Materials/BasicAsset01.uasset" 468
"../../../../../Users/alex.cou7417/Documents/Unreal Engine/Toss-Pot/Content/Assets/ForceField/ForceField_Caustic.uasset" 469
"../../../../../Users/alex.cou7417/Documents/Unreal Engine/Toss-Pot/Content/Assets/ForceField/ForceField_CausticOpac.uasset" 470
"../../../../../Users/alex.cou7417/Documents/Unreal Engine/Toss-Pot/Content/Assets/ForceField/ForceField_Opac.uasset" 471
"../../../../../Users/alex.cou7417/Documents/Unreal Engine/Toss-Pot/Content/Assets/ForceField/ForceField_MAT.uasset" 472
"../../../Engine/Content/EngineMeshes/SkeletalCube_Skeleton.uasset" 473
"../../../Engine/Content/EngineMeshes/SkeletalCube.uasset" 474
"../../../../../Users/alex.cou7417/Documents/Unreal Engine/Toss-Pot/Content/Assets/ForceField/Ironmanesque_Red.uasset" 475
"../../../../../Users/alex.cou7417/Documents/Unreal Engine/Toss-Pot/Content/Assets/ForceField/Ironmanesque_Silver.uasset" 476
"../../../../../Users/alex.cou7417/Documents/Unreal Engine/Toss-Pot/Content/Assets/ForceField/Ironmanesque_Space_Gray.uasset" 477
"../../../../../Users/alex.cou7417/Documents/Unreal Engine/Toss-Pot/Content/Assets/ForceField/Barrier_Strut.uasset" 478
"../../../../../Users/alex.cou7417/Documents/Unreal Engine/Toss-Pot/Content/Assets/ForceField/ForceField.uasset" 479
"../../../../../Users/alex.cou7417/Documents/Unreal Engine/Toss-Pot/Content/LevelBuilding/BP_Checkpoint.uasset" 480
"../../../../../Users/alex.cou7417/Documents/Unreal Engine/Toss-Pot/Content/Sounds/ThisSkyofMine_Extended.uasset" 481
"../../../../../Users/alex.cou7417/Documents/Unreal Engine/Toss-Pot/Content/Sounds/ThisSkyofMine_Extended_Cue.uasset" 482
"../../../../../Users/alex.cou7417/Documents/Unreal Engine/Toss-Pot/Content/MenuAssets/BackButton.uasset" 483
"../../../../../Users/alex.cou7417/Documents/Unreal Engine/Toss-Pot/Content/MenuAssets/BackButtonPressed.uasset" 484
"../../../../../Users/alex.cou7417/Documents/Unreal Engine/Toss-Pot/Content/MenuAssets/YouWon.uasset" 485
"../../../../../Users/alex.cou7417/Documents/Unreal Engine/Toss-Pot/Content/UI/BP_EndScreenWidget.uasset" 486
"../../../../../Users/alex.cou7417/Documents/Unreal Engine/Toss-Pot/Content/Blueprints/BP_TossPotGameMode.uasset" 487
"../../../../../Users/alex.cou7417/Documents/Unreal Engine/Toss-Pot/Content/Assets/Mesh/Pot_Exploded_lambert1_Emissive.uasset" 488
"../../../../../Users/alex.cou7417/Documents/Unreal Engine/Toss-Pot/Content/Assets/Mesh/Pot_Energy.uasset" 489
"../../../../../Users/alex.cou7417/Documents/Unreal Engine/Toss-Pot/Content/Animations/Pot/Pot_PhysicsAsset.uasset" 490
"../../../../../Users/alex.cou7417/Documents/Unreal Engine/Toss-Pot/Content/Animations/Pot/Pot.uasset" 491
"../../../../../Users/alex.cou7417/Documents/Unreal Engine/Toss-Pot/Content/Sounds/Pot_01.uasset" 492
"../../../../../Users/alex.cou7417/Documents/Unreal Engine/Toss-Pot/Content/Sounds/JumpSound.uasset" 493
"../../../../../Users/alex.cou7417/Documents/Unreal Engine/Toss-Pot/Content/Blueprints/BP_PotCharacter.uasset" 494
"../../../../../Users/alex.cou7417/Documents/Unreal Engine/Toss-Pot/Content/LevelAssets/PlatformMatTemp.uasset" 495
"../../../../../Users/alex.cou7417/Documents/Unreal Engine/Toss-Pot/Content/Assets/TriggerPlatform/Moving_Rail_3m.uasset" 496
"../../../../../Users/alex.cou7417/Documents/Unreal Engine/Toss-Pot/Content/LevelAssets/FloatingPlatform_Opacity.uasset" 497
"../../../../../Users/alex.cou7417/Documents/Unreal Engine/Toss-Pot/Content/LevelBuilding/Mateirals/FloatingPlatform_color.uasset" 498
"../../../../../Users/alex.cou7417/Documents/Unreal Engine/Toss-Pot/Content/LevelBuilding/Mateirals/FloatingPlatform_MAT.uasset" 499
"../../../../../Users/alex.cou7417/Documents/Unreal Engine/Toss-Pot/Content/LevelBuilding/FloatingPlatform.uasset" 500
"../../../../../Users/alex.cou7417/Documents/Unreal Engine/Toss-Pot/Content/LevelBuilding/BP_TriggerPlatforms.uasset" 501
"../../../../../Users/alex.cou7417/Documents/Unreal Engine/Toss-Pot/Content/Blueprints/FinishGoal.uasset" 502
"../../../../../Users/alex.cou7417/Documents/Unreal Engine/Toss-Pot/Content/Blueprints/TutorialTrigger.uasset" 503
"../../../../../Users/alex.cou7417/Documents/Unreal Engine/Toss-Pot/Content/Assets/Door/DoorMat.uasset" 504
"../../../../../Users/alex.cou7417/Documents/Unreal Engine/Toss-Pot/Content/Assets/Door/DootMatAlt.uasset" 505
"../../../../../Users/alex.cou7417/Documents/Unreal Engine/Toss-Pot/Content/Assets/Door/Door_PhysicsAsset.uasset" 506
"../../../../../Users/alex.cou7417/Documents/Unreal Engine/Toss-Pot/Content/Assets/Door/Door.uasset" 507
"../../../../../Users/alex.cou7417/Documents/Unreal Engine/Toss-Pot/Content/LevelBuilding/BP_DoorTrigger.uasset" 508
"../../../../../Users/alex.cou7417/Documents/Unreal Engine/Toss-Pot/Content/Assets/Lever/TechLever_Skeleton.uasset" 509
"../../../../../Users/alex.cou7417/Documents/Unreal Engine/Toss-Pot/Content/Assets/Lever/TechLever_Disable_Anim.uasset" 510
"../../../../../Users/alex.cou7417/Documents/Unreal Engine/Toss-Pot/Content/Assets/Lever/TechLever_Enable_Anim.uasset" 511
"../../../../../Users/alex.cou7417/Documents/Unreal Engine/Toss-Pot/Content/Assets/Lever/TechLever_Diff.uasset" 512
"../../../../../Users/alex.cou7417/Documents/Unreal Engine/Toss-Pot/Content/Assets/Lever/TechLeverMat.uasset" 513
"../../../../../Users/alex.cou7417/Documents/Unreal Engine/Toss-Pot/Content/Assets/Lever/TechLever_PhysicsAsset.uasset" 514
"../../../../../Users/alex.cou7417/Documents/Unreal Engine/Toss-Pot/Content/Assets/Lever/TechLever.uasset" 515
"../../../../../Users/alex.cou7417/Documents/Unreal Engine/Toss-Pot/Content/Particles/DeactivatePS.uasset" 516
"../../../../../Users/alex.cou7417/Documents/Unreal Engine/Toss-Pot/Content/Particles/InteractPS.uasset" 517
"../../../../../Users/alex.cou7417/Documents/Unreal Engine/Toss-Pot/Content/LevelBuilding/BP_InteractLever.uasset" 518
"../../../../../Users/alex.cou7417/Documents/Unreal Engine/Toss-Pot/Content/LevelAssets/Material_001.uasset" 519
"../../../../../Users/alex.cou7417/Documents/Unreal Engine/Toss-Pot/Content/LevelAssets/PressurePlate.uasset" 520
"../../../../../Users/alex.cou7417/Documents/Unreal Engine/Toss-Pot/Content/LevelAssets/Material_004.uasset" 521
"../../../../../Users/alex.cou7417/Documents/Unreal Engine/Toss-Pot/Content/LevelAssets/PressurePlateButton.uasset" 522
"../../../../../Users/alex.cou7417/Documents/Unreal Engine/Toss-Pot/Content/LevelBuilding/BP_PressurePlateButton.uasset" 523
"../../../../../Users/alex.cou7417/Documents/Unreal Engine/Toss-Pot/Content/Assets/Lever/TimedLever_Skeleton.uasset" 524
"../../../../../Users/alex.cou7417/Documents/Unreal Engine/Toss-Pot/Content/Assets/Lever/TimedLeverClosed_Anim.uasset" 525
"../../../../../Users/alex.cou7417/Documents/Unreal Engine/Toss-Pot/Content/Assets/Lever/TimedLeverOpen_Anim.uasset" 526
"../../../../../Users/alex.cou7417/Documents/Unreal Engine/Toss-Pot/Content/Assets/Lever/TimedLEver_Diff.uasset" 527
"../../../../../Users/alex.cou7417/Documents/Unreal Engine/Toss-Pot/Content/Assets/Lever/TimedLeverMat.uasset" 528
"../../../../../Users/alex.cou7417/Documents/Unreal Engine/Toss-Pot/Content/Assets/Lever/TimedLever_PhysicsAsset.uasset" 529
"../../../../../Users/alex.cou7417/Documents/Unreal Engine/Toss-Pot/Content/Assets/Lever/TimedLever.uasset" 530
"../../../../../Users/alex.cou7417/Documents/Unreal Engine/Toss-Pot/Content/LevelBuilding/BP_TimedInteractLever.uasset" 531
"../../../../../Users/alex.cou7417/Documents/Unreal Engine/Toss-Pot/Content/Maps/FirstLevel_BuiltData.uasset" 532
"../../../../../Users/alex.cou7417/Documents/Unreal Engine/Toss-Pot/Content/LevelAssets/Material_011.uasset" 533
"../../../../../Users/alex.cou7417/Documents/Unreal Engine/Toss-Pot/Content/LevelAssets/Notice_BoardShape_color.uasset" 534
"../../../../../Users/alex.cou7417/Documents/Unreal Engine/Toss-Pot/Content/LevelAssets/NoticeBoardmat.uasset" 535
"../../../../../Users/alex.cou7417/Documents/Unreal Engine/Toss-Pot/Content/LevelBuilding/Mateirals/OpacityGreyMat.uasset" 536
"../../../../../Users/alex.cou7417/Documents/Unreal Engine/Toss-Pot/Content/LevelBuilding/Mateirals/TossColour.uasset" 537
"../../../../../Users/alex.cou7417/Documents/Unreal Engine/Toss-Pot/Content/LevelBuilding/Material_018.uasset" 538
"../../../Engine/Content/Functions/Engine_MaterialFunctions02/Fresnel_Function.uasset" 539
"../../../../../Users/alex.cou7417/Documents/Unreal Engine/Toss-Pot/Content/Materials/Glass.uasset" 540
"../../../../../Users/alex.cou7417/Documents/Unreal Engine/Toss-Pot/Content/Environment/Materials/M_PostProcess_Base.uasset" 541
"../../../../../Users/alex.cou7417/Documents/Unreal Engine/Toss-Pot/Content/Environment/Materials/M_PostProcess_Base_Inst.uasset" 542
"../../../../../Users/alex.cou7417/Documents/Unreal Engine/Toss-Pot/Content/Materials/Base/PP_OutlineCustomDepthOcclusion_Inst_2.uasset" 543
"../../../../../Users/alex.cou7417/Documents/Unreal Engine/Toss-Pot/Content/Assets/PotWall/BrushedSteel.uasset" 544
"../../../../../Users/alex.cou7417/Documents/Unreal Engine/Toss-Pot/Content/Assets/PotWall/PotColour.uasset" 545
"../../../../../Users/alex.cou7417/Documents/Unreal Engine/Toss-Pot/Content/Assets/PotWall/Pot_Wall.uasset" 546
"../../../../../Users/alex.cou7417/Documents/Unreal Engine/Toss-Pot/Content/LevelAssets/Factory_CorridorExit.uasset" 547
"../../../../../Users/alex.cou7417/Documents/Unreal Engine/Toss-Pot/Content/LevelAssets/Material_021.uasset" 548
"../../../../../Users/alex.cou7417/Documents/Unreal Engine/Toss-Pot/Content/LevelAssets/Material_022.uasset" 549
"../../../../../Users/alex.cou7417/Documents/Unreal Engine/Toss-Pot/Content/LevelAssets/Material_023.uasset" 550
"../../../../../Users/alex.cou7417/Documents/Unreal Engine/Toss-Pot/Content/LevelAssets/Material_024.uasset" 551
"../../../../../Users/alex.cou7417/Documents/Unreal Engine/Toss-Pot/Content/LevelAssets/Factory_CorridorExitDoor.uasset" 552
"../../../../../Users/alex.cou7417/Documents/Unreal Engine/Toss-Pot/Content/LevelAssets/Factory_SteelWall.uasset" 553
"../../../../../Users/alex.cou7417/Documents/Unreal Engine/Toss-Pot/Content/LevelAssets/Factory_SteelWall_Half.uasset" 554
"../../../../../Users/alex.cou7417/Documents/Unreal Engine/Toss-Pot/Content/LevelAssets/Material_006.uasset" 555
"../../../../../Users/alex.cou7417/Documents/Unreal Engine/Toss-Pot/Content/LevelAssets/Material_014.uasset" 556
"../../../../../Users/alex.cou7417/Documents/Unreal Engine/Toss-Pot/Content/LevelAssets/Material_016.uasset" 557
"../../../../../Users/alex.cou7417/Documents/Unreal Engine/Toss-Pot/Content/LevelAssets/flood_light.uasset" 558
"../../../../../Users/alex.cou7417/Documents/Unreal Engine/Toss-Pot/Content/LevelAssets/Material_003.uasset" 559
"../../../../../Users/alex.cou7417/Documents/Unreal Engine/Toss-Pot/Content/LevelAssets/Material_007.uasset" 560
"../../../../../Users/alex.cou7417/Documents/Unreal Engine/Toss-Pot/Content/LevelAssets/Material_017.uasset" 561
"../../../../../Users/alex.cou7417/Documents/Unreal Engine/Toss-Pot/Content/LevelAssets/Material_018.uasset" 562
"../../../../../Users/alex.cou7417/Documents/Unreal Engine/Toss-Pot/Content/LevelAssets/forklift.uasset" 563
"../../../../../Users/alex.cou7417/Documents/Unreal Engine/Toss-Pot/Content/LevelAssets/light_Emission.uasset" 564
"../../../../../Users/alex.cou7417/Documents/Unreal Engine/Toss-Pot/Content/LevelAssets/LightShape_color.uasset" 565
"../../../../../Users/alex.cou7417/Documents/Unreal Engine/Toss-Pot/Content/LevelAssets/Light_MAT.uasset" 566
"../../../../../Users/alex.cou7417/Documents/Unreal Engine/Toss-Pot/Content/LevelAssets/Light.uasset" 567
"../../../../../Users/alex.cou7417/Documents/Unreal Engine/Toss-Pot/Content/LevelAssets/NoticeBoard.uasset" 568
"../../../../../Users/alex.cou7417/Documents/Unreal Engine/Toss-Pot/Content/LevelAssets/Material_019.uasset" 569
"../../../../../Users/alex.cou7417/Documents/Unreal Engine/Toss-Pot/Content/LevelAssets/Material_020.uasset" 570
"../../../../../Users/alex.cou7417/Documents/Unreal Engine/Toss-Pot/Content/LevelAssets/pipe_entry.uasset" 571
"../../../../../Users/alex.cou7417/Documents/Unreal Engine/Toss-Pot/Content/LevelAssets/Material_002.uasset" 572
"../../../../../Users/alex.cou7417/Documents/Unreal Engine/Toss-Pot/Content/LevelAssets/Pressure_Plate_Base.uasset" 573
"../../../../../Users/alex.cou7417/Documents/Unreal Engine/Toss-Pot/Content/LevelAssets/ButtonMat.uasset" 574
"../../../../../Users/alex.cou7417/Documents/Unreal Engine/Toss-Pot/Content/LevelAssets/Pressure_Plate_Button.uasset" 575
"../../../../../Users/alex.cou7417/Documents/Unreal Engine/Toss-Pot/Content/LevelAssets/Material_013.uasset" 576
"../../../../../Users/alex.cou7417/Documents/Unreal Engine/Toss-Pot/Content/LevelAssets/Props/barrel.uasset" 577
"../../../../../Users/alex.cou7417/Documents/Unreal Engine/Toss-Pot/Content/LevelAssets/Props/BoxOpen.uasset" 578
"../../../../../Users/alex.cou7417/Documents/Unreal Engine/Toss-Pot/Content/LevelAssets/Props/BoxSemiOpen.uasset" 579
"../../../../../Users/alex.cou7417/Documents/Unreal Engine/Toss-Pot/Content/LevelAssets/Material_010.uasset" 580
"../../../../../Users/alex.cou7417/Documents/Unreal Engine/Toss-Pot/Content/LevelAssets/Props/cone.uasset" 581
"../../../../../Users/alex.cou7417/Documents/Unreal Engine/Toss-Pot/Content/LevelAssets/Material_015.uasset" 582
"../../../../../Users/alex.cou7417/Documents/Unreal Engine/Toss-Pot/Content/LevelAssets/Props/container.uasset" 583
"../../../../../Users/alex.cou7417/Documents/Unreal Engine/Toss-Pot/Content/LevelAssets/ShelfShape_color.uasset" 584
"../../../../../Users/alex.cou7417/Documents/Unreal Engine/Toss-Pot/Content/LevelAssets/Shelf_MAT.uasset" 585
"../../../../../Users/alex.cou7417/Documents/Unreal Engine/Toss-Pot/Content/LevelAssets/Shelf.uasset" 586
"../../../../../Users/alex.cou7417/Documents/Unreal Engine/Toss-Pot/Content/LevelBuilding/Mateirals/FactoryAssetsMAT_002.uasset" 587
"../../../../../Users/alex.cou7417/Documents/Unreal Engine/Toss-Pot/Content/LevelBuilding/Mateirals/Material_032.uasset" 588
"../../../../../Users/alex.cou7417/Documents/Unreal Engine/Toss-Pot/Content/LevelBuilding/Factory_CorridorNarrowPipes.uasset" 589
"../../../../../Users/alex.cou7417/Documents/Unreal Engine/Toss-Pot/Content/LevelBuilding/Factory_FloorBlock.uasset" 590
"../../../../../Users/alex.cou7417/Documents/Unreal Engine/Toss-Pot/Content/LevelBuilding/Mateirals/HazardYellowMat.uasset" 591
"../../../../../Users/alex.cou7417/Documents/Unreal Engine/Toss-Pot/Content/LevelBuilding/Mateirals/Material_036.uasset" 592
"../../../../../Users/alex.cou7417/Documents/Unreal Engine/Toss-Pot/Content/LevelBuilding/Floor_Checkpoint.uasset" 593
"../../../../../Users/alex.cou7417/Documents/Unreal Engine/Toss-Pot/Content/LevelBuilding/Floor_Corner.uasset" 594
"../../../../../Users/alex.cou7417/Documents/Unreal Engine/Toss-Pot/Content/LevelBuilding/Floor_NoSided.uasset" 595
"../../../../../Users/alex.cou7417/Documents/Unreal Engine/Toss-Pot/Content/LevelBuilding/Floor_OneSided.uasset" 596
"../../../../../Users/alex.cou7417/Documents/Unreal Engine/Toss-Pot/Content/LevelBuilding/Material_017.uasset" 597
"../../../../../Users/alex.cou7417/Documents/Unreal Engine/Toss-Pot/Content/LevelBuilding/Floor_ThinWall.uasset" 598
"../../../../../Users/alex.cou7417/Documents/Unreal Engine/Toss-Pot/Content/LevelBuilding/Floor_ThreeSided.uasset" 599
"../../../../../Users/alex.cou7417/Documents/Unreal Engine/Toss-Pot/Content/LevelBuilding/Floor_TwoSided.uasset" 600
"../../../../../Users/alex.cou7417/Documents/Unreal Engine/Toss-Pot/Content/LevelBuilding/NewPoles/CornerFrame.uasset" 601
"../../../../../Users/alex.cou7417/Documents/Unreal Engine/Toss-Pot/Content/LevelBuilding/NewPoles/CornerPole.uasset" 602
"../../../../../Users/alex.cou7417/Documents/Unreal Engine/Toss-Pot/Content/LevelBuilding/NewPoles/CornerPole_LeftLong.uasset" 603
"../../../../../Users/alex.cou7417/Documents/Unreal Engine/Toss-Pot/Content/LevelBuilding/NewPoles/CornerPole_RightLong.uasset" 604
"../../../../../Users/alex.cou7417/Documents/Unreal Engine/Toss-Pot/Content/LevelBuilding/NewPoles/CornerPoleSingle.uasset" 605
"../../../../../Users/alex.cou7417/Documents/Unreal Engine/Toss-Pot/Content/LevelBuilding/NewPoles/LFrame.uasset" 606
"../../../../../Users/alex.cou7417/Documents/Unreal Engine/Toss-Pot/Content/LevelBuilding/NewPoles/LPole.uasset" 607
"../../../../../Users/alex.cou7417/Documents/Unreal Engine/Toss-Pot/Content/LevelBuilding/NewPoles/LPole_XL.uasset" 608
"../../../../../Users/alex.cou7417/Documents/Unreal Engine/Toss-Pot/Content/LevelBuilding/NewPoles/TPole.uasset" 609
"../../../../../Users/alex.cou7417/Documents/Unreal Engine/Toss-Pot/Content/LevelBuilding/NewPoles/TPole_02.uasset" 610
"../../../../../Users/alex.cou7417/Documents/Unreal Engine/Toss-Pot/Content/LevelBuilding/Tall_Block.uasset" 611
"../../../../../Users/alex.cou7417/Documents/Unreal Engine/Toss-Pot/Content/LevelBuilding/Walkway.uasset" 612
"../../../../../Users/alex.cou7417/Documents/Unreal Engine/Toss-Pot/Content/Sounds/Click.uasset" 613
"../../../../../Users/alex.cou7417/Documents/Unreal Engine/Toss-Pot/Content/Sounds/Click_Cue.uasset" 614
"../../../../../Users/alex.cou7417/Documents/Unreal Engine/Toss-Pot/Content/UI/Interacting.uasset" 615
"../../../../../Users/alex.cou7417/Documents/Unreal Engine/Toss-Pot/Content/UI/InteractPopup.uasset" 616
"../../../../../Users/alex.cou7417/Documents/Unreal Engine/Toss-Pot/Content/UI/Movement.uasset" 617
"../../../../../Users/alex.cou7417/Documents/Unreal Engine/Toss-Pot/Content/UI/MovementPopup.uasset" 618
"../../../../../Users/alex.cou7417/Documents/Unreal Engine/Toss-Pot/Content/UI/PotJumping.uasset" 619
"../../../../../Users/alex.cou7417/Documents/Unreal Engine/Toss-Pot/Content/UI/PotJumpPopup.uasset" 620
"../../../../../Users/alex.cou7417/Documents/Unreal Engine/Toss-Pot/Content/UI/PotSmallerAreas.uasset" 621
"../../../../../Users/alex.cou7417/Documents/Unreal Engine/Toss-Pot/Content/UI/PotSmallerPopup.uasset" 622
"../../../../../Users/alex.cou7417/Documents/Unreal Engine/Toss-Pot/Content/UI/Throwing.uasset" 623
"../../../../../Users/alex.cou7417/Documents/Unreal Engine/Toss-Pot/Content/UI/ThrowingPopup.uasset" 624
"../../../../../Users/alex.cou7417/Documents/Unreal Engine/Toss-Pot/Content/UI/TimedInteractablesPopup.uasset" 625
"../../../../../Users/alex.cou7417/Documents/Unreal Engine/Toss-Pot/Content/UI/TossNarrowPathways.uasset" 626
"../../../../../Users/alex.cou7417/Documents/Unreal Engine/Toss-Pot/Content/UI/TossNarrowPopup.uasset" 627
"../../../../../Users/alex.cou7417/Documents/Unreal Engine/Toss-Pot/Content/Maps/FirstLevel.umap" 628
"../../../../../Users/alex.cou7417/Documents/Unreal Engine/Toss-Pot/Content/LevelAssets/Conveyor_Diff.uasset" 629
"../../../../../Users/alex.cou7417/Documents/Unreal Engine/Toss-Pot/Content/LevelAssets/Conveyor_NRM2.uasset" 630
"../../../../../Users/alex.cou7417/Documents/Unreal Engine/Toss-Pot/Content/LevelAssets/Conveyor_MAT.uasset" 631
"../../../../../Users/alex.cou7417/Documents/Unreal Engine/Toss-Pot/Content/LevelAssets/ConveyorBelt.uasset" 632
"../../../../../Users/alex.cou7417/Documents/Unreal Engine/Toss-Pot/Content/Blueprints/BP_Conveyor.uasset" 633
"../../../../../Users/alex.cou7417/Documents/Unreal Engine/Toss-Pot/Content/Assets/MagneticWall/Magnet_Pad_Vertical_Skeleton.uasset" 634
"../../../../../Users/alex.cou7417/Documents/Unreal Engine/Toss-Pot/Content/Assets/MagneticWall/Magnet_Pad_Closing.uasset" 635
"../../../../../Users/alex.cou7417/Documents/Unreal Engine/Toss-Pot/Content/Assets/MagneticWall/Magnet_Pad_Horizontal_Working.uasset" 636
"../../../../../Users/alex.cou7417/Documents/Unreal Engine/Toss-Pot/Content/Assets/MagneticWall/Magnet_Pad_Opening.uasset" 637
"../../../../../Users/alex.cou7417/Documents/Unreal Engine/Toss-Pot/Content/Assets/MagneticWall/Material_003.uasset" 638
"../../../../../Users/alex.cou7417/Documents/Unreal Engine/Toss-Pot/Content/Materials/MagneticMaterial.uasset" 639
"../../../../../Users/alex.cou7417/Documents/Unreal Engine/Toss-Pot/Content/Assets/MagneticWall/Magnet_Pad_Vertical_PhysicsAsset.uasset" 640
"../../../../../Users/alex.cou7417/Documents/Unreal Engine/Toss-Pot/Content/Assets/MagneticWall/Magnet_Pad_Vertical.uasset" 641
"../../../../../Users/alex.cou7417/Documents/Unreal Engine/Toss-Pot/Content/LevelBuilding/MagneticWall.uasset" 642
"../../../../../Users/alex.cou7417/Documents/Unreal Engine/Toss-Pot/Content/Assets/Switchpad/Switchpad_Skeleton.uasset" 643
"../../../../../Users/alex.cou7417/Documents/Unreal Engine/Toss-Pot/Content/Assets/Switchpad/Switchpad_Anim_Armature_001_Armature_001Action.uasset" 644
"../../../../../Users/alex.cou7417/Documents/Unreal Engine/Toss-Pot/Content/Assets/Switchpad/Material_004.uasset" 645
"../../../../../Users/alex.cou7417/Documents/Unreal Engine/Toss-Pot/Content/Assets/Switchpad/SwitchpadGlow.uasset" 646
"../../../../../Users/alex.cou7417/Documents/Unreal Engine/Toss-Pot/Content/Assets/Switchpad/Switchpad_PhysicsAsset.uasset" 647
"../../../../../Users/alex.cou7417/Documents/Unreal Engine/Toss-Pot/Content/Assets/Switchpad/Switchpad.uasset" 648
"../../../../../Users/alex.cou7417/Documents/Unreal Engine/Toss-Pot/Content/Particles/SwitchingPS.uasset" 649
"../../../../../Users/alex.cou7417/Documents/Unreal Engine/Toss-Pot/Content/LevelBuilding/BP_SwitchPlayersPad.uasset" 650
"../../../../../Users/alex.cou7417/Documents/Unreal Engine/Toss-Pot/Content/LevelAssets/FactoryPotDoor_DIFF.uasset" 651
"../../../../../Users/alex.cou7417/Documents/Unreal Engine/Toss-Pot/Content/LevelBuilding/Mateirals/FactoryAssetsMATPot.uasset" 652
"../../../../../Users/alex.cou7417/Documents/Unreal Engine/Toss-Pot/Content/LevelBuilding/PotWall.uasset" 653
"../../../../../Users/alex.cou7417/Documents/Unreal Engine/Toss-Pot/Content/Maps/LevelThree.umap" 654
"../../../../../Users/alex.cou7417/Documents/Unreal Engine/Toss-Pot/Content/LevelBuilding/BP_ConveyorBelt.uasset" 655
"../../../Engine/Content/EngineSky/C_Sky_Cloud_Color.uasset" 656
"../../../Engine/Content/EngineSky/C_Sky_Horizon_Color.uasset" 657
"../../../Engine/Content/EngineSky/C_Sky_Zenith_Color.uasset" 658
"../../../Engine/Content/EngineSky/T_Sky_Blue.uasset" 659
"../../../Engine/Content/EngineSky/T_Sky_Clouds_M.uasset" 660
"../../../Engine/Content/EngineSky/T_Sky_Stars.uasset" 661
"../../../Engine/Content/EngineSky/M_Sky_Panning_Clouds2.uasset" 662
"../../../Engine/Content/EngineSky/SM_SkySphere.uasset" 663
"../../../Engine/Content/EngineSky/BP_Sky_Sphere.uasset" 664
"../../../../../Users/alex.cou7417/Documents/Unreal Engine/Toss-Pot/Content/LevelAssets/DeathMat.uasset" 665
"../../../../../Users/alex.cou7417/Documents/Unreal Engine/Toss-Pot/Content/Materials/Base/OutlinePot.uasset" 666
"../../../../../Users/alex.cou7417/Documents/Unreal Engine/Toss-Pot/Content/LevelBuilding/LPole.uasset" 667
"../../../../../Users/alex.cou7417/Documents/Unreal Engine/Toss-Pot/Content/LevelBuilding/TPole.uasset" 668
"../../../../../Users/alex.cou7417/Documents/Unreal Engine/Toss-Pot/Content/LevelBuilding/TPole_02.uasset" 669
"../../../../../Users/alex.cou7417/Documents/Unreal Engine/Toss-Pot/Content/Maps/LevelTwo.umap" 670
"../../../../../Users/alex.cou7417/Documents/Unreal Engine/Toss-Pot/Content/MenuAssets/Logo2.uasset" 671
"../../../../../Users/alex.cou7417/Documents/Unreal Engine/Toss-Pot/Content/MenuAssets/GameBackground.uasset" 672
"../../../../../Users/alex.cou7417/Documents/Unreal Engine/Toss-Pot/Content/UI/LevelWidget.uasset" 673
"../../../../../Users/alex.cou7417/Documents/Unreal Engine/Toss-Pot/Content/UI/MenuImage.uasset" 674
"../../../../../Users/alex.cou7417/Documents/Unreal Engine/Toss-Pot/Content/UI/BP_LevelSelectWidget.uasset" 675
"../../../../../Users/alex.cou7417/Documents/Unreal Engine/Toss-Pot/Content/UI/BP_MainWidget.uasset" 676
"../../../../../Users/alex.cou7417/Documents/Unreal Engine/Toss-Pot/Content/Blueprints/MenuController.uasset" 677
"../../../../../Users/alex.cou7417/Documents/Unreal Engine/Toss-Pot/Content/Blueprints/BP_MenuMode.uasset" 678
"../../../../../Users/alex.cou7417/Documents/Unreal Engine/Toss-Pot/Content/Blueprints/SwitchToLevel.uasset" 679
"../../../../../Users/alex.cou7417/Documents/Unreal Engine/Toss-Pot/Content/Maps/Menu_BuiltData.uasset" 680
"../../../../../Users/alex.cou7417/Documents/Unreal Engine/Toss-Pot/Content/Assets/ForceField/ForceField_MAT_2.uasset" 681
"../../../../../Users/alex.cou7417/Documents/Unreal Engine/Toss-Pot/Content/LevelBuilding/NewPoles/CornerPole_XL.uasset" 682
"../../../../../Users/alex.cou7417/Documents/Unreal Engine/Toss-Pot/Content/Maps/Menu.umap" 683
"../../../../../Users/alex.cou7417/Documents/Unreal Engine/Toss-Pot/Content/Blueprints/BP_Bullet.uasset" 684
"../../../../../Users/alex.cou7417/Documents/Unreal Engine/Toss-Pot/Content/Assets/SentryFriend/Sentrybot_Diff.uasset" 685
"../../../../../Users/alex.cou7417/Documents/Unreal Engine/Toss-Pot/Content/Assets/SentryFriend/SentryBot_MAT.uasset" 686
"../../../../../Users/alex.cou7417/Documents/Unreal Engine/Toss-Pot/Content/Assets/SentryFriend/Sentrybot_OPAC.uasset" 687
"../../../../../Users/alex.cou7417/Documents/Unreal Engine/Toss-Pot/Content/Assets/SentryFriend/SentryBotVisor_MAT.uasset" 688
"../../../../../Users/alex.cou7417/Documents/Unreal Engine/Toss-Pot/Content/Assets/SentryFriend/SentryBot_PhysicsAsset.uasset" 689
"../../../../../Users/alex.cou7417/Documents/Unreal Engine/Toss-Pot/Content/Assets/SentryFriend/SentryBot_Skeleton.uasset" 690
"../../../../../Users/alex.cou7417/Documents/Unreal Engine/Toss-Pot/Content/Assets/SentryFriend/SentryBot.uasset" 691
"../../../../../Users/alex.cou7417/Documents/Unreal Engine/Toss-Pot/Content/Blueprints/BP_SentryBot.uasset" 692
"../../../../../Users/alex.cou7417/Documents/Unreal Engine/Toss-Pot/Content/Maps/RourkesTesties.umap" 693
"../../../../../Users/alex.cou7417/Documents/Unreal Engine/Toss-Pot/Content/Maps/RourkesTestLevel_BuiltData.uasset" 694
"../../../../../Users/alex.cou7417/Documents/Unreal Engine/Toss-Pot/Content/Assets/Mesh/Pot_Exploded_lambert1_Diffuse.uasset" 695
"../../../../../Users/alex.cou7417/Documents/Unreal Engine/Toss-Pot/Content/Assets/Mesh/Pot_Exploded_lambert1_Glossiness.uasset" 696
"../../../../../Users/alex.cou7417/Documents/Unreal Engine/Toss-Pot/Content/Assets/Mesh/Pot_MAT.uasset" 697
"../../../../../Users/alex.cou7417/Documents/Unreal Engine/Toss-Pot/Content/LevelAssets/FullGreyTransparentMat.uasset" 698
"../../../../../Users/alex.cou7417/Documents/Unreal Engine/Toss-Pot/Content/LevelAssets/GreyTransparentMat.uasset" 699
"../../../Engine/Content/BasicShapes/Cube.uasset" 700
"../../../../../Users/alex.cou7417/Documents/Unreal Engine/Toss-Pot/Content/Assets/Mesh/Pot.uasset" 701
"../../../../../Users/alex.cou7417/Documents/Unreal Engine/Toss-Pot/Content/LevelAssets/Material_012.uasset" 702
"../../../../../Users/alex.cou7417/Documents/Unreal Engine/Toss-Pot/Content/LevelAssets/conveyor_belt.uasset" 703
"../../../../../Users/alex.cou7417/Documents/Unreal Engine/Toss-Pot/Content/Sounds/flopp_med_underleppa.uasset" 704
"../../../../../Users/alex.cou7417/Documents/Unreal Engine/Toss-Pot/Content/Sounds/Checkpoint_Cue.uasset" 705
"../../../../../Users/alex.cou7417/Documents/Unreal Engine/Toss-Pot/Content/Maps/RourkesTestLevel.umap" 706
"../../../Engine/Content/Maps/Entry.umap" 707
